Mémoire totale : 4,0 GiB
Instanciation du bot "Random"
6 classes ont été trouvées
class awele.bot.demo.random.RandomBot
class awele.bot.competitor.fullDogo.fullDogoBot
class awele.bot.random.RandomBot
class awele.bot.competitor.Awelicopter.Awelicopter
class awele.bot.competitor.minmaxbetter.MinMaxBetter
class awele.bot.competitor.ghofryBot.NegascountBot

Bot 1/6
Classe : awele.bot.demo.random.RandomBot
Instanciation du bot "Random"
Nom du bot : Random
Temps d'apprentissage : 00:00:00.000
Durée d'une prise de décision : 00:00:00.000
Usage mémoire : 0 B
Usage mémoire maximum : 403,0 KiB

Bot 2/6
Classe : awele.bot.competitor.fullDogo.fullDogoBot
Instanciation du bot "FullDogo"
Nom du bot : FullDogo
Temps d'apprentissage : 00:00:00.000
