Mémoire totale : 4,0 GiB
Instanciation du bot "Random"
4 classes ont été trouvées
class awele.bot.demo.random.RandomBot
class awele.bot.competitor.fullDogo.fullDogoBot
class awele.bot.random.RandomBot
class awele.bot.competitor.Awelicopter.Awelicopter

Bot 1/4
Classe : awele.bot.demo.random.RandomBot
Instanciation du bot "Random"
Nom du bot : Random
Auteur(s) : Alexandre Blansché
Temps d'apprentissage : 00:00:00.000
Durée d'une prise de décision : 00:00:00.000
Usage mémoire : 0 B
Usage mémoire maximum : 440,8 KiB

Bot 2/4
Classe : awele.bot.competitor.fullDogo.fullDogoBot
Instanciation du bot "FullDogo"
Nom du bot : FullDogo
Auteur(s) : VIADER - OTTINGER
Temps d'apprentissage : 00:00:00.000
Durée d'une prise de décision : 00:00:00.171
Usage mémoire : 390,0 KiB
Usage mémoire maximum : 139,4 MiB

Bot 3/4
Classe : awele.bot.random.RandomBot
Instanciation du bot "Random"
Nom du bot : Random
Auteur(s) : Alexandre Blansché
Temps d'apprentissage : 00:00:00.000
Durée d'une prise de décision : 00:00:00.000
Usage mémoire : 600 B
Usage mémoire maximum : 389,3 KiB

Bot 4/4
Classe : awele.bot.competitor.Awelicopter.Awelicopter
Instanciation du bot "Awelicopter"
Nom du bot : Awelicopter
Auteur(s) : Lucas FRANCHINA et Tim BRANSTETT
Instanciation du bot "Random"
Temps d'apprentissage : 00:00:08.822
Durée d'une prise de décision : 00:00:00.164
Usage mémoire : 50,8 KiB
Usage mémoire maximum : 100,1 MiB

4 bots ont été instanciés
Durée du chargement : 00:00:19.718
Mémoire utilisée : 1,9 MiB

Que le championnat commence !

Affrontement 1/6
Random vs. FullDogo
